<?xml version="1.0" encoding="UTF-8"?>
<testsuite xmlns:xsi="http://www.w3.org/2001/XMLSchema-instance" xsi:noNamespaceSchemaLocation="https://maven.apache.org/surefire/maven-surefire-plugin/xsd/surefire-test-report-3.0.xsd" version="3.0" name="tableau.TableauTest" time="0.004" tests="5" errors="0" skipped="0" failures="0">
  <properties>
[...]
</properties>
  <testcase name="triSelectTabPassageIf" classname="tableau.TableauTest" time="0.002"/>
  <testcase name="triSelectTabPassageFor" classname="tableau.TableauTest" time="0.001"/>
  <testcase name="triInsertionTabPassageWhile" classname="tableau.TableauTest" time="0"/>
  <testcase name="triSelectTab" classname="tableau.TableauTest" time="0"/>
  <testcase name="triInsertion" classname="tableau.TableauTest" time="0"/>
</testsuite>